Traceback (most recent call last):
  File "/home/runner/micromamba/envs/geocat-applications/lib/python3.12/site-packages/jupyter_cache/executors/utils.py", line 58, in single_nb_execution
    executenb(
  File "/home/runner/micromamba/envs/geocat-applications/lib/python3.12/site-packages/nbclient/client.py", line 1314, in execute
    return NotebookClient(nb=nb, resources=resources, km=km, **kwargs).execute()
           ^^^^^^^^^^^^^^^^^^^^^^^^^^^^^^^^^^^^^^^^^^^^^^^^^^^^^^^^^^^^^^^^^^^^^
  File "/home/runner/micromamba/envs/geocat-applications/lib/python3.12/site-packages/jupyter_core/utils/__init__.py", line 165, in wrapped
    return loop.run_until_complete(inner)
           ^^^^^^^^^^^^^^^^^^^^^^^^^^^^^^
  File "/home/runner/micromamba/envs/geocat-applications/lib/python3.12/asyncio/base_events.py", line 687, in run_until_complete
    return future.result()
           ^^^^^^^^^^^^^^^
  File "/home/runner/micromamba/envs/geocat-applications/lib/python3.12/site-packages/nbclient/client.py", line 709, in async_execute
    await self.async_execute_cell(
  File "/home/runner/micromamba/envs/geocat-applications/lib/python3.12/site-packages/nbclient/client.py", line 1062, in async_execute_cell
    await self._check_raise_for_error(cell, cell_index, exec_reply)
  File "/home/runner/micromamba/envs/geocat-applications/lib/python3.12/site-packages/nbclient/client.py", line 918, in _check_raise_for_error
    raise CellExecutionError.from_cell_and_msg(cell, exec_reply_content)
nbclient.exceptions.CellExecutionError: An error occurred while executing the following cell:
------------------
import math
import xarray as xr
import geocat.comp as gc

results = {}

ds_m = xr.open_dataset(
    "../ncl_raw/b.e21.BHIST.f09_g17.CMIP6-historical.003.cice.h.aice.185001-201412.nc"
)
ds_d = xr.open_dataset(
    "../ncl_raw/b.e21.BHIST.f09_g17.CMIP6-historical.003.cice.h1.aice_d.18500101-20141231.nc"
)

# calcDayAnomTLL
aice = ds_d.aice_d[54749:58399, 365, 300]
DayTLL = aice.groupby(aice.time.dt.dayofyear)
clmDayTLL = DayTLL.mean(dim="time")
calcDayAnomTLL = DayTLL - clmDayTLL
results["calcDayAnomTLL"] = calcDayAnomTLL.item(0)

# calcMonAnomTLL
aice = ds_m.aice[1799:1919, 365, 300]
MonTLL = aice.groupby(aice.time.dt.month)
clmMonTLL = MonTLL.mean(dim="time")
calcMonAnomTLL = MonTLL - clmMonTLL
results["calcMonAnomTLL"] = calcMonAnomTLL.item(0)

# clmDayTLL
aice = ds_d.aice_d[54749:58399, 365, 300]
DayTLL = aice.groupby(aice.time.dt.dayofyear)
clmDayTLL = DayTLL.mean(dim="time")
results["clmDayTLL"] = clmDayTLL.item(0)

# clmMonTLL
aice = ds_m.aice[1799:1919, 365, 300]
MonTLL = aice.groupby(aice.time.dt.month)
clmMonTLL = MonTLL.mean(dim="time")
results["clmMonTLL"] = clmMonTLL.item(0)

# month_to_season
aice = ds_m.aice[1799:1919, 365, 300]
mon_to_season = gc.climatologies.month_to_season(aice, "ASO")
results["month_to_season"] = mon_to_season.item(0)

# rmMonAnnCycTLL
aice = ds_m.aice[1799:1919, 365, 300]
MonTLL = aice.groupby(aice.time.dt.month)
clmMonTLL = MonTLL.mean(dim="time")
rmMonAnnCycTLL = MonTLL - clmMonTLL
results["rmMonAnnCycTLL"] = rmMonAnnCycTLL.item(0)

# stdMonTLL
aice = ds_m.aice[1799:1919, 365, 300]
MonTLL = aice.groupby(aice.time.dt.month)
stdMonTLL = MonTLL.std(ddof=1)
results["stdMonTLL"] = stdMonTLL.item(0)
------------------


[0;31m---------------------------------------------------------------------------[0m
[0;31mKeyError[0m                                  Traceback (most recent call last)
File [0;32m~/micromamba/envs/geocat-applications/lib/python3.12/site-packages/xarray/backends/file_manager.py:211[0m, in [0;36mCachingFileManager._acquire_with_cache_info[0;34m(self, needs_lock)[0m
[1;32m    210[0m [38;5;28;01mtry[39;00m:
[0;32m--> 211[0m     file [38;5;241m=[39m [38;5;28;43mself[39;49m[38;5;241;43m.[39;49m[43m_cache[49m[43m[[49m[38;5;28;43mself[39;49m[38;5;241;43m.[39;49m[43m_key[49m[43m][49m
[1;32m    212[0m [38;5;28;01mexcept[39;00m [38;5;167;01mKeyError[39;00m:

File [0;32m~/micromamba/envs/geocat-applications/lib/python3.12/site-packages/xarray/backends/lru_cache.py:56[0m, in [0;36mLRUCache.__getitem__[0;34m(self, key)[0m
[1;32m     55[0m [38;5;28;01mwith[39;00m [38;5;28mself[39m[38;5;241m.[39m_lock:
[0;32m---> 56[0m     value [38;5;241m=[39m [38;5;28;43mself[39;49m[38;5;241;43m.[39;49m[43m_cache[49m[43m[[49m[43mkey[49m[43m][49m
[1;32m     57[0m     [38;5;28mself[39m[38;5;241m.[39m_cache[38;5;241m.[39mmove_to_end(key)

[0;31mKeyError[0m: [<class 'netCDF4._netCDF4.Dataset'>, ('/home/runner/work/geocat-applications/geocat-applications/ncl/ncl_raw/b.e21.BHIST.f09_g17.CMIP6-historical.003.cice.h.aice.185001-201412.nc',), 'r', (('clobber', True), ('diskless', False), ('format', 'NETCDF4'), ('persist', False)), 'f66f85c5-6c39-427a-abb6-f27a32e67528']

During handling of the above exception, another exception occurred:

[0;31mFileNotFoundError[0m                         Traceback (most recent call last)
Cell [0;32mIn[1], line 7[0m
[1;32m      3[0m [38;5;28;01mimport[39;00m [38;5;21;01mgeocat[39;00m[38;5;21;01m.[39;00m[38;5;21;01mcomp[39;00m [38;5;28;01mas[39;00m [38;5;21;01mgc[39;00m
[1;32m      5[0m results [38;5;241m=[39m {}
[0;32m----> 7[0m ds_m [38;5;241m=[39m [43mxr[49m[38;5;241;43m.[39;49m[43mopen_dataset[49m[43m([49m
[1;32m      8[0m [43m    [49m[38;5;124;43m"[39;49m[38;5;124;43m../ncl_raw/b.e21.BHIST.f09_g17.CMIP6-historical.003.cice.h.aice.185001-201412.nc[39;49m[38;5;124;43m"[39;49m
[1;32m      9[0m [43m)[49m
[1;32m     10[0m ds_d [38;5;241m=[39m xr[38;5;241m.[39mopen_dataset(
[1;32m     11[0m     [38;5;124m"[39m[38;5;124m../ncl_raw/b.e21.BHIST.f09_g17.CMIP6-historical.003.cice.h1.aice_d.18500101-20141231.nc[39m[38;5;124m"[39m
[1;32m     12[0m )
[1;32m     14[0m [38;5;66;03m# calcDayAnomTLL[39;00m

File [0;32m~/micromamba/envs/geocat-applications/lib/python3.12/site-packages/xarray/backends/api.py:588[0m, in [0;36mopen_dataset[0;34m(filename_or_obj, engine, chunks, cache, decode_cf, mask_and_scale, decode_times, decode_timedelta, use_cftime, concat_characters, decode_coords, drop_variables, inline_array, chunked_array_type, from_array_kwargs, backend_kwargs, **kwargs)[0m
[1;32m    576[0m decoders [38;5;241m=[39m _resolve_decoders_kwargs(
[1;32m    577[0m     decode_cf,
[1;32m    578[0m     open_backend_dataset_parameters[38;5;241m=[39mbackend[38;5;241m.[39mopen_dataset_parameters,
[0;32m   (...)[0m
[1;32m    584[0m     decode_coords[38;5;241m=[39mdecode_coords,
[1;32m    585[0m )
[1;32m    587[0m overwrite_encoded_chunks [38;5;241m=[39m kwargs[38;5;241m.[39mpop([38;5;124m"[39m[38;5;124moverwrite_encoded_chunks[39m[38;5;124m"[39m, [38;5;28;01mNone[39;00m)
[0;32m--> 588[0m backend_ds [38;5;241m=[39m [43mbackend[49m[38;5;241;43m.[39;49m[43mopen_dataset[49m[43m([49m
[1;32m    589[0m [43m    [49m[43mfilename_or_obj[49m[43m,[49m
[1;32m    590[0m [43m    [49m[43mdrop_variables[49m[38;5;241;43m=[39;49m[43mdrop_variables[49m[43m,[49m
[1;32m    591[0m [43m    [49m[38;5;241;43m*[39;49m[38;5;241;43m*[39;49m[43mdecoders[49m[43m,[49m
[1;32m    592[0m [43m    [49m[38;5;241;43m*[39;49m[38;5;241;43m*[39;49m[43mkwargs[49m[43m,[49m
[1;32m    593[0m [43m[49m[43m)[49m
[1;32m    594[0m ds [38;5;241m=[39m _dataset_from_backend_dataset(
[1;32m    595[0m     backend_ds,
[1;32m    596[0m     filename_or_obj,
[0;32m   (...)[0m
[1;32m    606[0m     [38;5;241m*[39m[38;5;241m*[39mkwargs,
[1;32m    607[0m )
[1;32m    608[0m [38;5;28;01mreturn[39;00m ds

File [0;32m~/micromamba/envs/geocat-applications/lib/python3.12/site-packages/xarray/backends/netCDF4_.py:645[0m, in [0;36mNetCDF4BackendEntrypoint.open_dataset[0;34m(self, filename_or_obj, mask_and_scale, decode_times, concat_characters, decode_coords, drop_variables, use_cftime, decode_timedelta, group, mode, format, clobber, diskless, persist, lock, autoclose)[0m
[1;32m    624[0m [38;5;28;01mdef[39;00m [38;5;21mopen_dataset[39m(  [38;5;66;03m# type: ignore[override]  # allow LSP violation, not supporting **kwargs[39;00m
[1;32m    625[0m     [38;5;28mself[39m,
[1;32m    626[0m     filename_or_obj: [38;5;28mstr[39m [38;5;241m|[39m os[38;5;241m.[39mPathLike[Any] [38;5;241m|[39m BufferedIOBase [38;5;241m|[39m AbstractDataStore,
[0;32m   (...)[0m
[1;32m    642[0m     autoclose[38;5;241m=[39m[38;5;28;01mFalse[39;00m,
[1;32m    643[0m ) [38;5;241m-[39m[38;5;241m>[39m Dataset:
[1;32m    644[0m     filename_or_obj [38;5;241m=[39m _normalize_path(filename_or_obj)
[0;32m--> 645[0m     store [38;5;241m=[39m [43mNetCDF4DataStore[49m[38;5;241;43m.[39;49m[43mopen[49m[43m([49m
[1;32m    646[0m [43m        [49m[43mfilename_or_obj[49m[43m,[49m
[1;32m    647[0m [43m        [49m[43mmode[49m[38;5;241;43m=[39;49m[43mmode[49m[43m,[49m
[1;32m    648[0m [43m        [49m[38;5;28;43mformat[39;49m[38;5;241;43m=[39;49m[38;5;28;43mformat[39;49m[43m,[49m
[1;32m    649[0m [43m        [49m[43mgroup[49m[38;5;241;43m=[39;49m[43mgroup[49m[43m,[49m
[1;32m    650[0m [43m        [49m[43mclobber[49m[38;5;241;43m=[39;49m[43mclobber[49m[43m,[49m
[1;32m    651[0m [43m        [49m[43mdiskless[49m[38;5;241;43m=[39;49m[43mdiskless[49m[43m,[49m
[1;32m    652[0m [43m        [49m[43mpersist[49m[38;5;241;43m=[39;49m[43mpersist[49m[43m,[49m
[1;32m    653[0m [43m        [49m[43mlock[49m[38;5;241;43m=[39;49m[43mlock[49m[43m,[49m
[1;32m    654[0m [43m        [49m[43mautoclose[49m[38;5;241;43m=[39;49m[43mautoclose[49m[43m,[49m
[1;32m    655[0m [43m    [49m[43m)[49m
[1;32m    657[0m     store_entrypoint [38;5;241m=[39m StoreBackendEntrypoint()
[1;32m    658[0m     [38;5;28;01mwith[39;00m close_on_error(store):

File [0;32m~/micromamba/envs/geocat-applications/lib/python3.12/site-packages/xarray/backends/netCDF4_.py:408[0m, in [0;36mNetCDF4DataStore.open[0;34m(cls, filename, mode, format, group, clobber, diskless, persist, lock, lock_maker, autoclose)[0m
[1;32m    402[0m kwargs [38;5;241m=[39m [38;5;28mdict[39m(
[1;32m    403[0m     clobber[38;5;241m=[39mclobber, diskless[38;5;241m=[39mdiskless, persist[38;5;241m=[39mpersist, [38;5;28mformat[39m[38;5;241m=[39m[38;5;28mformat[39m
[1;32m    404[0m )
[1;32m    405[0m manager [38;5;241m=[39m CachingFileManager(
[1;32m    406[0m     netCDF4[38;5;241m.[39mDataset, filename, mode[38;5;241m=[39mmode, kwargs[38;5;241m=[39mkwargs
[1;32m    407[0m )
[0;32m--> 408[0m [38;5;28;01mreturn[39;00m [38;5;28;43mcls[39;49m[43m([49m[43mmanager[49m[43m,[49m[43m [49m[43mgroup[49m[38;5;241;43m=[39;49m[43mgroup[49m[43m,[49m[43m [49m[43mmode[49m[38;5;241;43m=[39;49m[43mmode[49m[43m,[49m[43m [49m[43mlock[49m[38;5;241;43m=[39;49m[43mlock[49m[43m,[49m[43m [49m[43mautoclose[49m[38;5;241;43m=[39;49m[43mautoclose[49m[43m)[49m

File [0;32m~/micromamba/envs/geocat-applications/lib/python3.12/site-packages/xarray/backends/netCDF4_.py:355[0m, in [0;36mNetCDF4DataStore.__init__[0;34m(self, manager, group, mode, lock, autoclose)[0m
[1;32m    353[0m [38;5;28mself[39m[38;5;241m.[39m_group [38;5;241m=[39m group
[1;32m    354[0m [38;5;28mself[39m[38;5;241m.[39m_mode [38;5;241m=[39m mode
[0;32m--> 355[0m [38;5;28mself[39m[38;5;241m.[39mformat [38;5;241m=[39m [38;5;28;43mself[39;49m[38;5;241;43m.[39;49m[43mds[49m[38;5;241m.[39mdata_model
[1;32m    356[0m [38;5;28mself[39m[38;5;241m.[39m_filename [38;5;241m=[39m [38;5;28mself[39m[38;5;241m.[39mds[38;5;241m.[39mfilepath()
[1;32m    357[0m [38;5;28mself[39m[38;5;241m.[39mis_remote [38;5;241m=[39m is_remote_uri([38;5;28mself[39m[38;5;241m.[39m_filename)

File [0;32m~/micromamba/envs/geocat-applications/lib/python3.12/site-packages/xarray/backends/netCDF4_.py:417[0m, in [0;36mNetCDF4DataStore.ds[0;34m(self)[0m
[1;32m    415[0m [38;5;129m@property[39m
[1;32m    416[0m [38;5;28;01mdef[39;00m [38;5;21mds[39m([38;5;28mself[39m):
[0;32m--> 417[0m     [38;5;28;01mreturn[39;00m [38;5;28;43mself[39;49m[38;5;241;43m.[39;49m[43m_acquire[49m[43m([49m[43m)[49m

File [0;32m~/micromamba/envs/geocat-applications/lib/python3.12/site-packages/xarray/backends/netCDF4_.py:411[0m, in [0;36mNetCDF4DataStore._acquire[0;34m(self, needs_lock)[0m
[1;32m    410[0m [38;5;28;01mdef[39;00m [38;5;21m_acquire[39m([38;5;28mself[39m, needs_lock[38;5;241m=[39m[38;5;28;01mTrue[39;00m):
[0;32m--> 411[0m [43m    [49m[38;5;28;43;01mwith[39;49;00m[43m [49m[38;5;28;43mself[39;49m[38;5;241;43m.[39;49m[43m_manager[49m[38;5;241;43m.[39;49m[43macquire_context[49m[43m([49m[43mneeds_lock[49m[43m)[49m[43m [49m[38;5;28;43;01mas[39;49;00m[43m [49m[43mroot[49m[43m:[49m
[1;32m    412[0m [43m        [49m[43mds[49m[43m [49m[38;5;241;43m=[39;49m[43m [49m[43m_nc4_require_group[49m[43m([49m[43mroot[49m[43m,[49m[43m [49m[38;5;28;43mself[39;49m[38;5;241;43m.[39;49m[43m_group[49m[43m,[49m[43m [49m[38;5;28;43mself[39;49m[38;5;241;43m.[39;49m[43m_mode[49m[43m)[49m
[1;32m    413[0m     [38;5;28;01mreturn[39;00m ds

File [0;32m~/micromamba/envs/geocat-applications/lib/python3.12/contextlib.py:137[0m, in [0;36m_GeneratorContextManager.__enter__[0;34m(self)[0m
[1;32m    135[0m [38;5;28;01mdel[39;00m [38;5;28mself[39m[38;5;241m.[39margs, [38;5;28mself[39m[38;5;241m.[39mkwds, [38;5;28mself[39m[38;5;241m.[39mfunc
[1;32m    136[0m [38;5;28;01mtry[39;00m:
[0;32m--> 137[0m     [38;5;28;01mreturn[39;00m [38;5;28;43mnext[39;49m[43m([49m[38;5;28;43mself[39;49m[38;5;241;43m.[39;49m[43mgen[49m[43m)[49m
[1;32m    138[0m [38;5;28;01mexcept[39;00m [38;5;167;01mStopIteration[39;00m:
[1;32m    139[0m     [38;5;28;01mraise[39;00m [38;5;167;01mRuntimeError[39;00m([38;5;124m"[39m[38;5;124mgenerator didn[39m[38;5;124m'[39m[38;5;124mt yield[39m[38;5;124m"[39m) [38;5;28;01mfrom[39;00m [38;5;28;01mNone[39;00m

File [0;32m~/micromamba/envs/geocat-applications/lib/python3.12/site-packages/xarray/backends/file_manager.py:199[0m, in [0;36mCachingFileManager.acquire_context[0;34m(self, needs_lock)[0m
[1;32m    196[0m [38;5;129m@contextlib[39m[38;5;241m.[39mcontextmanager
[1;32m    197[0m [38;5;28;01mdef[39;00m [38;5;21macquire_context[39m([38;5;28mself[39m, needs_lock[38;5;241m=[39m[38;5;28;01mTrue[39;00m):
[1;32m    198[0m [38;5;250m    [39m[38;5;124;03m"""Context manager for acquiring a file."""[39;00m
[0;32m--> 199[0m     file, cached [38;5;241m=[39m [38;5;28;43mself[39;49m[38;5;241;43m.[39;49m[43m_acquire_with_cache_info[49m[43m([49m[43mneeds_lock[49m[43m)[49m
[1;32m    200[0m     [38;5;28;01mtry[39;00m:
[1;32m    201[0m         [38;5;28;01myield[39;00m file

File [0;32m~/micromamba/envs/geocat-applications/lib/python3.12/site-packages/xarray/backends/file_manager.py:217[0m, in [0;36mCachingFileManager._acquire_with_cache_info[0;34m(self, needs_lock)[0m
[1;32m    215[0m     kwargs [38;5;241m=[39m kwargs[38;5;241m.[39mcopy()
[1;32m    216[0m     kwargs[[38;5;124m"[39m[38;5;124mmode[39m[38;5;124m"[39m] [38;5;241m=[39m [38;5;28mself[39m[38;5;241m.[39m_mode
[0;32m--> 217[0m file [38;5;241m=[39m [38;5;28;43mself[39;49m[38;5;241;43m.[39;49m[43m_opener[49m[43m([49m[38;5;241;43m*[39;49m[38;5;28;43mself[39;49m[38;5;241;43m.[39;49m[43m_args[49m[43m,[49m[43m [49m[38;5;241;43m*[39;49m[38;5;241;43m*[39;49m[43mkwargs[49m[43m)[49m
[1;32m    218[0m [38;5;28;01mif[39;00m [38;5;28mself[39m[38;5;241m.[39m_mode [38;5;241m==[39m [38;5;124m"[39m[38;5;124mw[39m[38;5;124m"[39m:
[1;32m    219[0m     [38;5;66;03m# ensure file doesn't get overridden when opened again[39;00m
[1;32m    220[0m     [38;5;28mself[39m[38;5;241m.[39m_mode [38;5;241m=[39m [38;5;124m"[39m[38;5;124ma[39m[38;5;124m"[39m

File [0;32msrc/netCDF4/_netCDF4.pyx:2470[0m, in [0;36mnetCDF4._netCDF4.Dataset.__init__[0;34m()[0m

File [0;32msrc/netCDF4/_netCDF4.pyx:2107[0m, in [0;36mnetCDF4._netCDF4._ensure_nc_success[0;34m()[0m

[0;31mFileNotFoundError[0m: [Errno 2] No such file or directory: '/home/runner/work/geocat-applications/geocat-applications/ncl/ncl_raw/b.e21.BHIST.f09_g17.CMIP6-historical.003.cice.h.aice.185001-201412.nc'

